  animation-manager.cpp
  animation.cpp
c:\program files (x86)\microsoft visual studio\2017\community\vc\tools\msvc\14.14.26428\include\xmemory0(920): warning C4244: 'argument': conversion from 'int' to 'float', possible loss of data
  c:\program files (x86)\microsoft visual studio\2017\community\vc\tools\msvc\14.14.26428\include\vector(951): note: see reference to function template instantiation 'void std::_Default_allocator_traits<_Alloc>::construct<_Ty,sf::Sprite*,int>(_Alloc &,_Objty *const ,sf::Sprite *&&,int &&)' being compiled
          with
          [
              _Alloc=std::allocator<AnimationFrame>,
              _Ty=AnimationFrame,
              _Objty=AnimationFrame
          ]
  c:\program files (x86)\microsoft visual studio\2017\community\vc\tools\msvc\14.14.26428\include\vector(951): note: see reference to function template instantiation 'void std::_Default_allocator_traits<_Alloc>::construct<_Ty,sf::Sprite*,int>(_Alloc &,_Objty *const ,sf::Sprite *&&,int &&)' being compiled
          with
          [
              _Alloc=std::allocator<AnimationFrame>,
              _Ty=AnimationFrame,
              _Objty=AnimationFrame
          ]
  c:\program files (x86)\microsoft visual studio\2017\community\vc\tools\msvc\14.14.26428\include\vector(968): note: see reference to function template instantiation 'void std::vector<AnimationFrame,std::allocator<_Ty>>::_Emplace_back_with_unused_capacity<sf::Sprite*,int>(sf::Sprite *&&,int &&)' being compiled
          with
          [
              _Ty=AnimationFrame
          ]
  c:\c++\tanks\tanks\animation.cpp(52): note: see reference to function template instantiation 'void std::vector<AnimationFrame,std::allocator<_Ty>>::emplace_back<sf::Sprite*,int>(sf::Sprite *&&,int &&)' being compiled
          with
          [
              _Ty=AnimationFrame
          ]
  c:\c++\boost\boost\bind\placeholders.hpp(54): note: see reference to class template instantiation 'boost::arg<9>' being compiled
  c:\c++\boost\boost\bind\placeholders.hpp(53): note: see reference to class template instantiation 'boost::arg<8>' being compiled
  c:\c++\boost\boost\bind\placeholders.hpp(52): note: see reference to class template instantiation 'boost::arg<7>' being compiled
  c:\c++\boost\boost\bind\placeholders.hpp(51): note: see reference to class template instantiation 'boost::arg<6>' being compiled
  c:\c++\boost\boost\bind\placeholders.hpp(50): note: see reference to class template instantiation 'boost::arg<5>' being compiled
  c:\c++\boost\boost\bind\placeholders.hpp(49): note: see reference to class template instantiation 'boost::arg<4>' being compiled
  c:\c++\boost\boost\bind\placeholders.hpp(48): note: see reference to class template instantiation 'boost::arg<3>' being compiled
  c:\c++\boost\boost\bind\placeholders.hpp(47): note: see reference to class template instantiation 'boost::arg<2>' being compiled
  c:\c++\boost\boost\bind\placeholders.hpp(46): note: see reference to class template instantiation 'boost::arg<1>' being compiled
  button.cpp
  Generating Code...
  Tanks.vcxproj -> C:\C++\Tanks\x64\Debug\Tanks.exe
          1 file(s) copied.
          1 file(s) copied.
          1 file(s) copied.
