c:\c++\tanks\tanks\x64\debug\vc141.pdb
c:\c++\tanks\tanks\x64\debug\vc141.idb
c:\c++\tanks\tanks\x64\debug\missile.obj
c:\c++\tanks\tanks\x64\debug\game-object.obj
c:\c++\tanks\tanks\x64\debug\texture-manager.obj
c:\c++\tanks\tanks\x64\debug\object.obj
c:\c++\tanks\tanks\x64\debug\engine.obj
c:\c++\tanks\tanks\x64\debug\config.obj
c:\c++\tanks\tanks\x64\debug\animation.obj
c:\c++\tanks\tanks\x64\debug\window-game.obj
c:\c++\tanks\tanks\x64\debug\window-editor.obj
c:\c++\tanks\tanks\x64\debug\widget-templates.obj
c:\c++\tanks\tanks\x64\debug\widget-game.obj
c:\c++\tanks\tanks\x64\debug\widget-game-editor.obj
c:\c++\tanks\tanks\x64\debug\tank.obj
c:\c++\tanks\tanks\x64\debug\menu-window.obj
c:\c++\tanks\tanks\x64\debug\main.obj
c:\c++\tanks\tanks\x64\debug\animation-manager.obj
c:\c++\tanks\tanks\x64\debug\button.obj
c:\c++\tanks\tanks\x64\debug\window.obj
c:\c++\tanks\tanks\x64\debug\wall.obj
c:\c++\tanks\tanks\x64\debug\player.obj
c:\c++\tanks\tanks\x64\debug\container.obj
c:\c++\tanks\tanks\x64\debug\container-moving.obj
c:\c++\tanks\tanks\x64\debug\widget-illuminated-object.obj
c:\c++\tanks\tanks\x64\debug\widget.obj
c:\c++\tanks\x64\debug\tanks.exe
c:\c++\tanks\x64\debug\tanks.ilk
c:\c++\tanks\x64\debug\tanks.map
c:\c++\tanks\x64\debug\tanks.pdb
c:\c++\tanks\tanks\x64\debug\tanks.tlog\cl.command.1.tlog
c:\c++\tanks\tanks\x64\debug\tanks.tlog\cl.read.1.tlog
c:\c++\tanks\tanks\x64\debug\tanks.tlog\cl.write.1.tlog
c:\c++\tanks\tanks\x64\debug\tanks.tlog\link.command.1.tlog
c:\c++\tanks\tanks\x64\debug\tanks.tlog\link.read.1.tlog
c:\c++\tanks\tanks\x64\debug\tanks.tlog\link.write.1.tlog
