texture-manager.obj : error LNK2019: unresolved external symbol "__declspec(dllimport) public: __thiscall sf::Texture::Texture(void)" (__imp_??0Texture@sf@@QAE@XZ) referenced in function "public: class sf::Texture * __thiscall TextureManager::GetTexture(char const *)" (?GetTexture@TextureManager@@QAEPAVTexture@sf@@PBD@Z)
texture-manager.obj : error LNK2019: unresolved external symbol "__declspec(dllimport) public: bool __thiscall sf::Texture::loadFromFile(class std::basic_string<char,struct std::char_traits<char>,class std::allocator<char> > const &,class sf::Rect<int> const &)" (__imp_?loadFromFile@Texture@sf@@QAE_NABV?$basic_string@DU?$char_traits@D@std@@V?$allocator@D@2@@std@@ABV?$Rect@H@2@@Z) referenced in function "public: class sf::Texture * __thiscall TextureManager::GetTexture(char const *)" (?GetTexture@TextureManager@@QAEPAVTexture@sf@@PBD@Z)
button.obj : error LNK2019: unresolved external symbol "__declspec(dllimport) public: __thiscall sf::String::String(wchar_t const *)" (__imp_??0String@sf@@QAE@PB_W@Z) referenced in function "public: void __thiscall Button::SetText(wchar_t const *)" (?SetText@Button@@QAEXPB_W@Z)
button.obj : error LNK2019: unresolved external symbol "__declspec(dllimport) public: class std::basic_string<wchar_t,struct std::char_traits<wchar_t>,class std::allocator<wchar_t> > __thiscall sf::String::toWideString(void)const " (__imp_?toWideString@String@sf@@QBE?AV?$basic_string@_WU?$char_traits@_W@std@@V?$allocator@_W@2@@std@@XZ) referenced in function "public: wchar_t const * __thiscall Button::GetText(void)const " (?GetText@Button@@QBEPB_WXZ)
button.obj : error LNK2019: unresolved external symbol "__declspec(dllimport) public: __thiscall sf::String::~String(void)" (__imp_??1String@sf@@QAE@XZ) referenced in function "public: void __thiscall Button::SetText(wchar_t const *)" (?SetText@Button@@QAEXPB_W@Z)
engine.obj : error LNK2001: unresolved external symbol "__declspec(dllimport) public: __thiscall sf::String::~String(void)" (__imp_??1String@sf@@QAE@XZ)
button.obj : error LNK2019: unresolved external symbol "__declspec(dllimport) public: void __thiscall sf::Transformable::setPosition(float,float)" (__imp_?setPosition@Transformable@sf@@QAEXMM@Z) referenced in function "private: void __thiscall Button::calculatePosText(void)" (?calculatePosText@Button@@AAEXXZ)
button.obj : error LNK2019: unresolved external symbol "__declspec(dllimport) public: void __thiscall sf::Transformable::setOrigin(class sf::Vector2<float> const &)" (__imp_?setOrigin@Transformable@sf@@QAEXABV?$Vector2@M@2@@Z) referenced in function "public: void __thiscall Button::SetText(wchar_t const *)" (?SetText@Button@@QAEXPB_W@Z)
button.obj : error LNK2019: unresolved external symbol "__declspec(dllimport) public: __thiscall sf::Font::Font(void)" (__imp_??0Font@sf@@QAE@XZ) referenced in function "void __cdecl `dynamic initializer for 'font''(void)" (??__Efont@@YAXXZ)
button.obj : error LNK2019: unresolved external symbol "__declspec(dllimport) public: __thiscall sf::Font::~Font(void)" (__imp_??1Font@sf@@QAE@XZ) referenced in function "void __cdecl `dynamic atexit destructor for 'font''(void)" (??__Ffont@@YAXXZ)
button.obj : error LNK2019: unresolved external symbol "__declspec(dllimport) public: bool __thiscall sf::Font::loadFromFile(class std::basic_string<char,struct std::char_traits<char>,class std::allocator<char> > const &)" (__imp_?loadFromFile@Font@sf@@QAE_NABV?$basic_string@DU?$char_traits@D@std@@V?$allocator@D@2@@std@@@Z) referenced in function "public: __thiscall Button::Button(class sf::Vector2<float> const &,class sf::Vector2<float> const &)" (??0Button@@QAE@ABV?$Vector2@M@sf@@0@Z)
button.obj : error LNK2019: unresolved external symbol "__declspec(dllimport) public: void __thiscall sf::RenderTarget::draw(class sf::Drawable const &,class sf::RenderStates const &)" (__imp_?draw@RenderTarget@sf@@QAEXABVDrawable@2@ABVRenderStates@2@@Z) referenced in function "public: virtual void __thiscall Button::Draw(class sf::RenderWindow *)" (?Draw@Button@@UAEXPAVRenderWindow@sf@@@Z)
object.obj : error LNK2001: unresolved external symbol "__declspec(dllimport) public: void __thiscall sf::RenderTarget::draw(class sf::Drawable const &,class sf::RenderStates const &)" (__imp_?draw@RenderTarget@sf@@QAEXABVDrawable@2@ABVRenderStates@2@@Z)
button.obj : error LNK2019: unresolved external symbol "__declspec(dllimport) public: __thiscall sf::Text::Text(void)" (__imp_??0Text@sf@@QAE@XZ) referenced in function "public: __thiscall Button::Button(class sf::Vector2<float> const &,class sf::Vector2<float> const &)" (??0Button@@QAE@ABV?$Vector2@M@sf@@0@Z)
button.obj : error LNK2019: unresolved external symbol "__declspec(dllimport) public: void __thiscall sf::Text::setString(class sf::String const &)" (__imp_?setString@Text@sf@@QAEXABVString@2@@Z) referenced in function "public: void __thiscall Button::SetText(wchar_t const *)" (?SetText@Button@@QAEXPB_W@Z)
button.obj : error LNK2019: unresolved external symbol "__declspec(dllimport) public: void __thiscall sf::Text::setFont(class sf::Font const &)" (__imp_?setFont@Text@sf@@QAEXABVFont@2@@Z) referenced in function "public: __thiscall Button::Button(class sf::Vector2<float> const &,class sf::Vector2<float> const &)" (??0Button@@QAE@ABV?$Vector2@M@sf@@0@Z)
button.obj : error LNK2019: unresolved external symbol "__declspec(dllimport) public: void __thiscall sf::Text::setCharacterSize(unsigned int)" (__imp_?setCharacterSize@Text@sf@@QAEXI@Z) referenced in function "public: __thiscall Button::Button(class sf::Vector2<float> const &,class sf::Vector2<float> const &)" (??0Button@@QAE@ABV?$Vector2@M@sf@@0@Z)
button.obj : error LNK2019: unresolved external symbol "__declspec(dllimport) public: void __thiscall sf::Text::setColor(class sf::Color const &)" (__imp_?setColor@Text@sf@@QAEXABVColor@2@@Z) referenced in function "public: __thiscall Button::Button(class sf::Vector2<float> const &,class sf::Vector2<float> const &)" (??0Button@@QAE@ABV?$Vector2@M@sf@@0@Z)
button.obj : error LNK2019: unresolved external symbol "__declspec(dllimport) public: class sf::String const & __thiscall sf::Text::getString(void)const " (__imp_?getString@Text@sf@@QBEABVString@2@XZ) referenced in function "public: wchar_t const * __thiscall Button::GetText(void)const " (?GetText@Button@@QBEPB_WXZ)
button.obj : error LNK2019: unresolved external symbol "__declspec(dllimport) public: class sf::Rect<float> __thiscall sf::Text::getLocalBounds(void)const " (__imp_?getLocalBounds@Text@sf@@QBE?AV?$Rect@M@2@XZ) referenced in function "public: void __thiscall Button::SetText(wchar_t const *)" (?SetText@Button@@QAEXPB_W@Z)
button.obj : error LNK2019: unresolved external symbol "__declspec(dllimport) public: virtual __thiscall sf::Text::~Text(void)" (__imp_??1Text@sf@@UAE@XZ) referenced in function __unwindfunclet$??0Button@@QAE@ABV?$Vector2@M@sf@@0@Z$1
button.obj : error LNK2001: unresolved external symbol "__declspec(dllimport) public: static class sf::RenderStates const sf::RenderStates::Default" (__imp_?Default@RenderStates@sf@@2V12@B)
object.obj : error LNK2001: unresolved external symbol "__declspec(dllimport) public: static class sf::RenderStates const sf::RenderStates::Default" (__imp_?Default@RenderStates@sf@@2V12@B)
button.obj : error LNK2001: unresolved external symbol "__declspec(dllimport) public: static class sf::Color const sf::Color::White" (__imp_?White@Color@sf@@2V12@B)
engine.obj : error LNK2019: unresolved external symbol "__declspec(dllimport) public: int __thiscall sf::Time::asMilliseconds(void)const " (__imp_?asMilliseconds@Time@sf@@QBEHXZ) referenced in function "public: void __thiscall Engine::Execute(void)" (?Execute@Engine@@QAEXXZ)
game-object.obj : error LNK2001: unresolved external symbol "__declspec(dllimport) public: int __thiscall sf::Time::asMilliseconds(void)const " (__imp_?asMilliseconds@Time@sf@@QBEHXZ)
widget-game.obj : error LNK2001: unresolved external symbol "__declspec(dllimport) public: int __thiscall sf::Time::asMilliseconds(void)const " (__imp_?asMilliseconds@Time@sf@@QBEHXZ)
engine.obj : error LNK2019: unresolved external symbol "__declspec(dllimport) class sf::Time __cdecl sf::operator-(class sf::Time,class sf::Time)" (__imp_??Gsf@@YA?AVTime@0@V10@0@Z) referenced in function "public: void __thiscall Engine::Execute(void)" (?Execute@Engine@@QAEXXZ)
engine.obj : error LNK2019: unresolved external symbol "__declspec(dllimport) public: __thiscall sf::Clock::Clock(void)" (__imp_??0Clock@sf@@QAE@XZ) referenced in function "public: void __thiscall Engine::Execute(void)" (?Execute@Engine@@QAEXXZ)
engine.obj : error LNK2019: unresolved external symbol "__declspec(dllimport) public: class sf::Time __thiscall sf::Clock::getElapsedTime(void)const " (__imp_?getElapsedTime@Clock@sf@@QBE?AVTime@2@XZ) referenced in function "public: void __thiscall Engine::Execute(void)" (?Execute@Engine@@QAEXXZ)
engine.obj : error LNK2019: unresolved external symbol "__declspec(dllimport) public: __thiscall sf::String::String(char const *,class std::locale const &)" (__imp_??0String@sf@@QAE@PBDABVlocale@std@@@Z) referenced in function "public: __thiscall Engine::Engine(void)" (??0Engine@@QAE@XZ)
engine.obj : error LNK2019: unresolved external symbol "__declspec(dllimport) public: __thiscall sf::VideoMode::VideoMode(unsigned int,unsigned int,unsigned int)" (__imp_??0VideoMode@sf@@QAE@III@Z) referenced in function "public: __thiscall Engine::Engine(void)" (??0Engine@@QAE@XZ)
engine.obj : error LNK2019: unresolved external symbol "__declspec(dllimport) public: void __thiscall sf::Window::close(void)" (__imp_?close@Window@sf@@QAEXXZ) referenced in function "public: void __thiscall Engine::Close(void)" (?Close@Engine@@QAEXXZ)
engine.obj : error LNK2019: unresolved external symbol "__declspec(dllimport) public: bool __thiscall sf::Window::isOpen(void)const " (__imp_?isOpen@Window@sf@@QBE_NXZ) referenced in function "public: void __thiscall Engine::Execute(void)" (?Execute@Engine@@QAEXXZ)
engine.obj : error LNK2019: unresolved external symbol "__declspec(dllimport) public: bool __thiscall sf::Window::pollEvent(class sf::Event &)" (__imp_?pollEvent@Window@sf@@QAE_NAAVEvent@2@@Z) referenced in function "public: void __thiscall Engine::HandleEvents(void)" (?HandleEvents@Engine@@QAEXXZ)
engine.obj : error LNK2019: unresolved external symbol "__declspec(dllimport) public: void __thiscall sf::Window::display(void)" (__imp_?display@Window@sf@@QAEXXZ) referenced in function "public: void __thiscall Engine::Draw(void)" (?Draw@Engine@@QAEXXZ)
engine.obj : error LNK2019: unresolved external symbol "__declspec(dllimport) public: __thiscall sf::Color::Color(unsigned char,unsigned char,unsigned char,unsigned char)" (__imp_??0Color@sf@@QAE@EEEE@Z) referenced in function "public: void __thiscall Engine::Draw(void)" (?Draw@Engine@@QAEXXZ)
engine.obj : error LNK2019: unresolved external symbol "__declspec(dllimport) public: void __thiscall sf::RenderTarget::clear(class sf::Color const &)" (__imp_?clear@RenderTarget@sf@@QAEXABVColor@2@@Z) referenced in function "public: void __thiscall Engine::Draw(void)" (?Draw@Engine@@QAEXXZ)
engine.obj : error LNK2019: unresolved external symbol "__declspec(dllimport) public: __thiscall sf::RenderWindow::RenderWindow(class sf::VideoMode,class sf::String const &,unsigned int,struct sf::ContextSettings const &)" (__imp_??0RenderWindow@sf@@QAE@VVideoMode@1@ABVString@1@IABUContextSettings@1@@Z) referenced in function "public: __thiscall Engine::Engine(void)" (??0Engine@@QAE@XZ)
engine.obj : error LNK2019: unresolved external symbol "__declspec(dllimport) public: virtual __thiscall sf::RenderWindow::~RenderWindow(void)" (__imp_??1RenderWindow@sf@@UAE@XZ) referenced in function "public: virtual void * __thiscall sf::RenderWindow::`scalar deleting destructor'(unsigned int)" (??_GRenderWindow@sf@@UAEPAXI@Z)
engine.obj : error LNK2001: unresolved external symbol "public: virtual class sf::Vector2<unsigned int> __thiscall sf::RenderWindow::getSize(void)const " (?getSize@RenderWindow@sf@@UBE?AV?$Vector2@I@2@XZ)
engine.obj : error LNK2001: unresolved external symbol "protected: virtual void __thiscall sf::RenderWindow::onCreate(void)" (?onCreate@RenderWindow@sf@@MAEXXZ)
engine.obj : error LNK2001: unresolved external symbol "protected: virtual void __thiscall sf::RenderWindow::onResize(void)" (?onResize@RenderWindow@sf@@MAEXXZ)
engine.obj : error LNK2001: unresolved external symbol "public: virtual bool __thiscall sf::RenderWindow::setActive(bool)" (?setActive@RenderWindow@sf@@UAE_N_N@Z)
object.obj : error LNK2019: unresolved external symbol "__declspec(dllimport) public: void __thiscall sf::Transformable::setPosition(class sf::Vector2<float> const &)" (__imp_?setPosition@Transformable@sf@@QAEXABV?$Vector2@M@2@@Z) referenced in function "public: void __thiscall Object::CalculateSpritePos(void)" (?CalculateSpritePos@Object@@QAEXXZ)
object.obj : error LNK2019: unresolved external symbol "__declspec(dllimport) public: void __thiscall sf::Transformable::setScale(class sf::Vector2<float> const &)" (__imp_?setScale@Transformable@sf@@QAEXABV?$Vector2@M@2@@Z) referenced in function "private: void __thiscall Object::calculateSpriteSize(void)" (?calculateSpriteSize@Object@@AAEXXZ)
object.obj : error LNK2019: unresolved external symbol "__declspec(dllimport) public: class sf::Vector2<unsigned int> __thiscall sf::Texture::getSize(void)const " (__imp_?getSize@Texture@sf@@QBE?AV?$Vector2@I@2@XZ) referenced in function "private: void __thiscall Object::calculateSpriteSize(void)" (?calculateSpriteSize@Object@@AAEXXZ)
object.obj : error LNK2019: unresolved external symbol "__declspec(dllimport) public: __thiscall sf::Sprite::Sprite(void)" (__imp_??0Sprite@sf@@QAE@XZ) referenced in function "public: __thiscall Object::Object(class sf::Vector2<float> const &,class sf::Vector2<float> const &)" (??0Object@@QAE@ABV?$Vector2@M@sf@@0@Z)
object.obj : error LNK2019: unresolved external symbol "__declspec(dllimport) public: void __thiscall sf::Sprite::setTexture(class sf::Texture const &,bool)" (__imp_?setTexture@Sprite@sf@@QAEXABVTexture@2@_N@Z) referenced in function "public: bool __thiscall Object::SetTexture(char const *)" (?SetTexture@Object@@QAE_NPBD@Z)
object.obj : error LNK2019: unresolved external symbol "__declspec(dllimport) public: void __thiscall sf::Sprite::setTextureRect(class sf::Rect<int> const &)" (__imp_?setTextureRect@Sprite@sf@@QAEXABV?$Rect@H@2@@Z) referenced in function "private: void __thiscall Object::calculateSpriteSize(void)" (?calculateSpriteSize@Object@@AAEXXZ)
object.obj : error LNK2019: unresolved external symbol "__declspec(dllimport) public: class sf::Texture const * __thiscall sf::Sprite::getTexture(void)const " (__imp_?getTexture@Sprite@sf@@QBEPBVTexture@2@XZ) referenced in function "private: void __thiscall Object::calculateSpriteSize(void)" (?calculateSpriteSize@Object@@AAEXXZ)
object.obj : error LNK2019: unresolved external symbol "__declspec(dllimport) public: virtual __thiscall sf::Sprite::~Sprite(void)" (__imp_??1Sprite@sf@@UAE@XZ) referenced in function __unwindfunclet$??0Object@@QAE@ABV?$Vector2@M@sf@@0@Z$0
object.obj : error LNK2019: unresolved external symbol "__declspec(dllimport) public: class sf::Sprite & __thiscall sf::Sprite::operator=(class sf::Sprite const &)" (__imp_??4Sprite@sf@@QAEAAV01@ABV01@@Z) referenced in function "public: __thiscall Object::Object(class Object const *)" (??0Object@@QAE@PBV0@@Z)
widget.obj : error LNK2019: unresolved external symbol "__declspec(dllimport) public: __thiscall sf::View::View(void)" (__imp_??0View@sf@@QAE@XZ) referenced in function "public: virtual void __thiscall Widget::Draw(class sf::RenderWindow *)" (?Draw@Widget@@UAEXPAVRenderWindow@sf@@@Z)
widget.obj : error LNK2019: unresolved external symbol "__declspec(dllimport) public: void __thiscall sf::View::setViewport(class sf::Rect<float> const &)" (__imp_?setViewport@View@sf@@QAEXABV?$Rect@M@2@@Z) referenced in function "public: virtual void __thiscall Widget::Draw(class sf::RenderWindow *)" (?Draw@Widget@@UAEXPAVRenderWindow@sf@@@Z)
MSVCRTD.lib(exe_winmain.obj) : error LNK2019: unresolved external symbol _WinMain@16 referenced in function "int __cdecl invoke_main(void)" (?invoke_main@@YAHXZ)
C:\C++\SFML\lib\sfml-graphics-s-d.lib : warning LNK4272: library machine type 'x64' conflicts with target machine type 'x86'
C:\C++\Tanks\Debug\Tanks.exe : fatal error LNK1120: 51 unresolved externals
